#
# A fatal error has been detected by the Java Runtime Environment:
#
#  EXCEPTION_ACCESS_VIOLATION (0xc0000005) at pc=0xffffffffa5895120, pid=7720, tid=0x0000000000001330
#
# JRE version: OpenJDK Runtime Environment (8.0_152-b02) (build 1.8.0_152-release-1024-b02)
# Java VM: OpenJDK 64-Bit Server VM (25.152-b02 mixed mode windows-amd64 compressed oops)
# Problematic frame:
# C  0xffffffffa5895120
#
# Failed to write core dump. Minidumps are not enabled by default on client versions of Windows
#
# If you would like to submit a bug report, please visit:
#   http://bugreport.java.com/bugreport/crash.jsp
#

---------------  T H R E A D  ---------------

Current thread (0x000000005b8f6800):  JavaThread "ForkJoinPool.commonPool-worker-2" daemon [_thread_in_Java, id=4912, stack(0x000000005aae0000,0x000000005abe0000)]

siginfo: ExceptionCode=0xc0000005, ExceptionInformation=0x0000000000000008 0xffffffffa5895120

Registers:
RAX=0x000000001619cdc8, RBX=0x000000001619d410, RCX=0x00000000e79e1140, RDX=0x00000000e79e1140
RSP=0x000000005abde3d8, RBP=0x000000005abde858, RSI=0x0000000064246320, RDI=0x000000001619d410
R8 =0x00000000f9bdaa98, R9 =0x00000000e04983f0, R10=0x000000001619d410, R11=0x0000000000000320
R12=0x0000000000000000, R13=0x00000000e04a1808, R14=0x000000000001f153, R15=0x000000005b8f6800
RIP=0xffffffffa5895120, EFLAGS=0x0000000000010246

Top of Stack: (sp=0x000000005abde3d8)
0x000000005abde3d8:   0000000004eed044 00000000a00022b8
0x000000005abde3e8:   0000000064246320 000000005abde858
0x000000005abde3f8:   000000000492f9dc 00000000e1411c28
0x000000005abde408:   00000000e049fab8 000008820000001a
0x000000005abde418:   000000070000000f 000000005abde858
0x000000005abde428:   0000000004c5cd5c 000000005abde858
0x000000005abde438:   000000000498bf30 00000000e049fac8
0x000000005abde448:   0000000004eed044 000000005abde858
0x000000005abde458:   000000000498c25c 000000005abde858
0x000000005abde468:   00000000049869bc 000000000000010e
0x000000005abde478:   000000005a6324f0 00000000e049faf8
0x000000005abde488:   000000005ef20371 000000005abde858
0x000000005abde498:   0000000004c5cd5c 00000000e049fac8
0x000000005abde4a8:   00000000e049d780 0000043a00000480
0x000000005abde4b8:   000000010000047f 000005fb00000000
0x000000005abde4c8:   00000000e04a1808 00000000e049fab8 

Instructions: (pc=0xffffffffa5895120)
0xffffffffa5895100:   
[error occurred during error reporting (printing registers, top of stack, instructions near pc), id 0xc0000005]

Register to memory mapping:

RAX=0x000000001619cdc8 is pointing into metadata
RBX=0x000000001619d410 is pointing into metadata
RCX=0x00000000e79e1140 is an oop
com.android.tools.r8.graph.DexString 
 - klass: 'com/android/tools/r8/graph/DexString'
RDX=0x00000000e79e1140 is an oop
com.android.tools.r8.graph.DexString 
 - klass: 'com/android/tools/r8/graph/DexString'
RSP=0x000000005abde3d8 is pointing into the stack for thread: 0x000000005b8f6800
RBP=0x000000005abde858 is pointing into the stack for thread: 0x000000005b8f6800
RSI={method} {0x0000000064246328} 'layeredCompareTo' '(Ljava/lang/Object;Lcom/android/tools/r8/naming/NamingLens;)I' in 'com/android/tools/r8/graph/DexString'
RDI=0x000000001619d410 is pointing into metadata
R8 =0x00000000f9bdaa98 is an oop
com.android.tools.r8.graph.DexString 
 - klass: 'com/android/tools/r8/graph/DexString'
R9 =0x00000000e04983f0 is an oop
com.android.tools.r8.naming.NamingLens$IdentityLens 
 - klass: 'com/android/tools/r8/naming/NamingLens$IdentityLens'
R10=0x000000001619d410 is pointing into metadata
R11=0x0000000000000320 is an unknown value
R12=0x0000000000000000 is an unknown value
R13=0x00000000e04a1808 is an oop
[Ljava.lang.Object; 
 - klass: 'java/lang/Object'[]
 - length: 1118
R14=0x000000000001f153 is an unknown value
R15=0x000000005b8f6800 is a thread


Stack: [0x000000005aae0000,0x000000005abe0000],  sp=0x000000005abde3d8,  free space=1016k
Native frames: (J=compiled Java code, j=interpreted, Vv=VM code, C=native code)
C  0xffffffffa5895120


---------------  P R O C E S S  ---------------

Java Threads: ( => current thread )
  0x000000005b7a7000 JavaThread "pool-19-thread-2" [_thread_in_Java, id=1412, stack(0x0000000067720000,0x0000000067820000)]
  0x000000005b7a8800 JavaThread "pool-19-thread-1" [_thread_blocked, id=4116, stack(0x0000000066620000,0x0000000066720000)]
  0x000000005b8f7000 JavaThread "pool-17-thread-2" [_thread_blocked, id=5900, stack(0x0000000064810000,0x0000000064910000)]
  0x000000005b8f8000 JavaThread "pool-17-thread-1" [_thread_blocked, id=6680, stack(0x00000000646c0000,0x00000000647c0000)]
  0x000000005b7a7800 JavaThread "pool-16-thread-2" [_thread_blocked, id=8124, stack(0x00000000644c0000,0x00000000645c0000)]
  0x000000005b7a9000 JavaThread "pool-16-thread-1" [_thread_blocked, id=7216, stack(0x0000000064310000,0x0000000064410000)]
=>0x000000005b8f6800 JavaThread "ForkJoinPool.commonPool-worker-2" daemon [_thread_in_Java, id=4912, stack(0x000000005aae0000,0x000000005abe0000)]
  0x000000005b8f5000 JavaThread "ForkJoinPool.commonPool-worker-1" daemon [_thread_in_native, id=5224, stack(0x0000000063da0000,0x0000000063ea0000)]
  0x000000005b8f5800 JavaThread "ForkJoinPool.commonPool-worker-3" daemon [_thread_blocked, id=5608, stack(0x0000000063400000,0x0000000063500000)]
  0x000000005c3f4800 JavaThread "Cache worker for Java compile cache (C:\Workspace-proyecto\hablemos\dialogflow-android-client-master\.gradle\4.4\javaCompile)" [_thread_blocked, id=7384, stack(0x0000000063520000,0x0000000063620000)]
  0x000000005c3fa000 JavaThread "Task worker for ':' Thread 3" [_thread_blocked, id=8084, stack(0x0000000062b90000,0x0000000062c90000)]
  0x000000005c3f9000 JavaThread "Task worker for ':' Thread 2" [_thread_blocked, id=5420, stack(0x00000000627e0000,0x00000000628e0000)]
  0x000000005c3f8800 JavaThread "Task worker for ':'" [_thread_blocked, id=6296, stack(0x00000000628e0000,0x00000000629e0000)]
  0x000000005c3f7800 JavaThread "Cache worker for Build Output Cleanup Cache (C:\Workspace-proyecto\hablemos\dialogflow-android-client-master\.gradle\buildOutputCleanup)" [_thread_blocked, id=6572, stack(0x000000005ff60000,0x0000000060060000)]
  0x000000005c3f7000 JavaThread "Cache worker for task history cache (C:\Workspace-proyecto\hablemos\dialogflow-android-client-master\.gradle\4.4\taskHistory)" [_thread_blocked, id=1968, stack(0x0000000060c90000,0x0000000060d90000)]
  0x000000005c3f6000 JavaThread "Cache worker for file content cache (C:\Workspace-proyecto\hablemos\dialogflow-android-client-master\.gradle\4.4\fileContent)" [_thread_blocked, id=5348, stack(0x0000000062630000,0x0000000062730000)]
  0x000000005c3f3800 JavaThread "Memory manager" [_thread_blocked, id=6620, stack(0x00000000602b0000,0x00000000603b0000)]
  0x000000005c3f2000 JavaThread "build operations Thread 4" [_thread_blocked, id=2448, stack(0x000000005eb00000,0x000000005ec00000)]
  0x000000005c3f1800 JavaThread "build operations Thread 3" [_thread_blocked, id=6496, stack(0x000000005fc10000,0x000000005fd10000)]
  0x000000005c3f0800 JavaThread "build operations Thread 2" [_thread_blocked, id=6756, stack(0x000000005a870000,0x000000005a970000)]
  0x000000005c3f0000 JavaThread "build operations" [_thread_blocked, id=2136, stack(0x000000005fa20000,0x000000005fb20000)]
  0x000000005c3ee800 JavaThread "Cache worker for Artifact transforms cache (C:\Users\Martin\.gradle\caches\transforms-1)" [_thread_blocked, id=1388, stack(0x000000005f6e0000,0x000000005f7e0000)]
  0x000000005b30a800 JavaThread "Cache worker for file hash cache (C:\Workspace-proyecto\hablemos\dialogflow-android-client-master\.gradle\4.4\fileHashes)" [_thread_blocked, id=6304, stack(0x000000005c250000,0x000000005c350000)]
  0x00000000596af800 JavaThread "File lock request listener" [_thread_in_native, id=5848, stack(0x000000005b0c0000,0x000000005b1c0000)]
  0x00000000599e9000 JavaThread "Cache worker for file hash cache (C:\Users\Martin\.gradle\caches\4.4\fileHashes)" [_thread_blocked, id=4908, stack(0x000000005af90000,0x000000005b090000)]
  0x00000000596a9800 JavaThread "Asynchronous log dispatcher for DefaultDaemonConnection: socket connection from /127.0.0.1:54795 to /127.0.0.1:54796" [_thread_blocked, id=7532, stack(0x000000005abe0000,0x000000005ace0000)]
  0x00000000596a1000 JavaThread "Daemon worker" [_thread_blocked, id=2828, stack(0x000000005a9e0000,0x000000005aae0000)]
  0x000000005969d000 JavaThread "Cancel handler" [_thread_blocked, id=4780, stack(0x0000000058000000,0x0000000058100000)]
  0x0000000059686800 JavaThread "Handler for socket connection from /127.0.0.1:54795 to /127.0.0.1:54796" [_thread_in_native, id=7288, stack(0x000000005a530000,0x000000005a630000)]
  0x0000000059682000 JavaThread "Daemon" [_thread_blocked, id=5492, stack(0x000000005a1c0000,0x000000005a2c0000)]
  0x000000005959c000 JavaThread "Daemon periodic checks" [_thread_blocked, id=3012, stack(0x000000005a3e0000,0x000000005a4e0000)]
  0x000000005959a800 JavaThread "Incoming local TCP Connector on port 54795" [_thread_in_native, id=7948, stack(0x000000005a2d0000,0x000000005a3d0000)]
  0x00000000577f2000 JavaThread "Service Thread" daemon [_thread_blocked, id=3744, stack(0x00000000583e0000,0x00000000584e0000)]
  0x000000005625f000 JavaThread "C1 CompilerThread2" daemon [_thread_blocked, id=6000, stack(0x00000000582e0000,0x00000000583e0000)]
  0x0000000057766000 JavaThread "C2 CompilerThread1" daemon [_thread_in_native, id=5384, stack(0x0000000058120000,0x0000000058220000)]
  0x0000000057761800 JavaThread "C2 CompilerThread0" daemon [_thread_in_native, id=4268, stack(0x0000000057d70000,0x0000000057e70000)]
  0x0000000057760800 JavaThread "Attach Listener" daemon [_thread_blocked, id=6548, stack(0x0000000057eb0000,0x0000000057fb0000)]
  0x0000000056254000 JavaThread "Signal Dispatcher" daemon [_thread_blocked, id=6552, stack(0x0000000057c60000,0x0000000057d60000)]
  0x000000005623b800 JavaThread "Finalizer" daemon [_thread_blocked, id=3508, stack(0x0000000057660000,0x0000000057760000)]
  0x00000000561f4800 JavaThread "Reference Handler" daemon [_thread_blocked, id=5884, stack(0x0000000057500000,0x0000000057600000)]
  0x000000000046f000 JavaThread "main" [_thread_blocked, id=7260, stack(0x0000000002790000,0x0000000002890000)]

Other Threads:
  0x00000000561ed800 VMThread [stack: 0x00000000573a0000,0x00000000574a0000] [id=188]
  0x00000000577f5800 WatcherThread [stack: 0x0000000058500000,0x0000000058600000] [id=7904]

VM state:not at safepoint (normal execution)

VM Mutex/Monitor currently owned by a thread: None

Heap:
 PSYoungGen      total 442880K, used 299652K [0x00000000e0000000, 0x0000000100000000, 0x0000000100000000)
  eden space 418304K, 67% used [0x00000000e0000000,0x00000000f14e9010,0x00000000f9880000)
  from space 24576K, 65% used [0x00000000f9880000,0x00000000fa838190,0x00000000fb080000)
  to   space 24576K, 0% used [0x00000000fe800000,0x00000000fe800000,0x0000000100000000)
 ParOldGen       total 124928K, used 47602K [0x00000000a0000000, 0x00000000a7a00000, 0x00000000e0000000)
  object space 124928K, 38% used [0x00000000a0000000,0x00000000a2e7c940,0x00000000a7a00000)
 Metaspace       used 76044K, capacity 79104K, committed 79232K, reserved 1118208K
  class space    used 9859K, capacity 10524K, committed 10624K, reserved 1048576K

Card table byte_map: [0x0000000011c50000,0x0000000011f60000] byte_map_base: 0x0000000011750000

Marking Bits: (ParMarkBitMap*) 0x000000005f614970
 Begin Bits: [0x0000000012560000, 0x0000000013d60000)
 End Bits:   [0x0000000013d60000, 0x0000000015560000)

Polling page: 0x00000000001c0000

CodeCache: size=245760Kb used=43707Kb max_used=43917Kb free=202052Kb
 bounds [0x0000000002890000, 0x00000000053b0000, 0x0000000011890000]
 total_blobs=13787 nmethods=12966 adapters=732
 compilation: enabled

Compilation events (10 events):
Event: 111.358 Thread 0x000000005625f000 16367       2       com.android.tools.r8.ir.code.Switch::numberOfTargetsForPacked (27 bytes)
Event: 111.358 Thread 0x000000005625f000 nmethod 16367 0x0000000004ce4b10 code [0x0000000004ce4c60, 0x0000000004ce4df0]
Event: 111.448 Thread 0x000000005625f000 16368       2       com.android.tools.r8.graph.DexAnnotation::compressSignature (165 bytes)
Event: 111.452 Thread 0x000000005625f000 nmethod 16368 0x0000000004fb18d0 code [0x0000000004fb1ae0, 0x0000000004fb2448]
Event: 111.474 Thread 0x000000005625f000 16369       2       com.android.tools.r8.graph.DexAnnotation::createInnerClassAnnotation (78 bytes)
Event: 111.476 Thread 0x000000005625f000 nmethod 16369 0x0000000004f10c10 code [0x0000000004f10dc0, 0x0000000004f11418]
Event: 111.476 Thread 0x000000005625f000 16370 %     3       com.android.tools.r8.graph.DexString::slowCompareTo @ 2 (147 bytes)
Event: 111.477 Thread 0x000000005625f000 nmethod 16370% 0x0000000004cab290 code [0x0000000004cab420, 0x0000000004cab9b0]
Event: 111.478 Thread 0x000000005625f000 16371       3       com.android.tools.r8.graph.DexString::slowCompareTo (147 bytes)
Event: 111.478 Thread 0x000000005625f000 nmethod 16371 0x000000000503bcd0 code [0x000000000503be60, 0x000000000503c390]

GC Heap History (10 events):
Event: 68.481 GC heap before
{Heap before GC invocations=14 (full 3):
 PSYoungGen      total 284672K, used 262144K [0x00000000e0000000, 0x00000000f2c00000, 0x0000000100000000)
  eden space 262144K, 100% used [0x00000000e0000000,0x00000000f0000000,0x00000000f0000000)
  from space 22528K, 0% used [0x00000000f1600000,0x00000000f1600000,0x00000000f2c00000)
  to   space 22528K, 0% used [0x00000000f0000000,0x00000000f0000000,0x00000000f1600000)
 ParOldGen       total 124928K, used 39073K [0x00000000a0000000, 0x00000000a7a00000, 0x00000000e0000000)
  object space 124928K, 31% used [0x00000000a0000000,0x00000000a26285c0,0x00000000a7a00000)
 Metaspace       used 64508K, capacity 66518K, committed 66688K, reserved 1107968K
  class space    used 8520K, capacity 8999K, committed 9088K, reserved 1048576K
Event: 68.620 GC heap after
Heap after GC invocations=14 (full 3):
 PSYoungGen      total 284672K, used 10818K [0x00000000e0000000, 0x00000000f7200000, 0x0000000100000000)
  eden space 262144K, 0% used [0x00000000e0000000,0x00000000e0000000,0x00000000f0000000)
  from space 22528K, 48% used [0x00000000f0000000,0x00000000f0a90a68,0x00000000f1600000)
  to   space 20992K, 0% used [0x00000000f5d80000,0x00000000f5d80000,0x00000000f7200000)
 ParOldGen       total 124928K, used 39081K [0x00000000a0000000, 0x00000000a7a00000, 0x00000000e0000000)
  object space 124928K, 31% used [0x00000000a0000000,0x00000000a262a5c0,0x00000000a7a00000)
 Metaspace       used 64508K, capacity 66518K, committed 66688K, reserved 1107968K
  class space    used 8520K, capacity 8999K, committed 9088K, reserved 1048576K
}
Event: 71.191 GC heap before
{Heap before GC invocations=15 (full 3):
 PSYoungGen      total 284672K, used 272522K [0x00000000e0000000, 0x00000000f7200000, 0x0000000100000000)
  eden space 262144K, 99% used [0x00000000e0000000,0x00000000eff91dd0,0x00000000f0000000)
  from space 22528K, 48% used [0x00000000f0000000,0x00000000f0a90a68,0x00000000f1600000)
  to   space 20992K, 0% used [0x00000000f5d80000,0x00000000f5d80000,0x00000000f7200000)
 ParOldGen       total 124928K, used 39081K [0x00000000a0000000, 0x00000000a7a00000, 0x00000000e0000000)
  object space 124928K, 31% used [0x00000000a0000000,0x00000000a262a5c0,0x00000000a7a00000)
 Metaspace       used 65492K, capacity 67656K, committed 67840K, reserved 1107968K
  class space    used 8654K, capacity 9160K, committed 9216K, reserved 1048576K
Event: 71.290 GC heap after
Heap after GC invocations=15 (full 3):
 PSYoungGen      total 356352K, used 17284K [0x00000000e0000000, 0x00000000f7880000, 0x0000000100000000)
  eden space 335360K, 0% used [0x00000000e0000000,0x00000000e0000000,0x00000000f4780000)
  from space 20992K, 82% used [0x00000000f5d80000,0x00000000f6e612a8,0x00000000f7200000)
  to   space 22528K, 0% used [0x00000000f4780000,0x00000000f4780000,0x00000000f5d80000)
 ParOldGen       total 124928K, used 39089K [0x00000000a0000000, 0x00000000a7a00000, 0x00000000e0000000)
  object space 124928K, 31% used [0x00000000a0000000,0x00000000a262c5c0,0x00000000a7a00000)
 Metaspace       used 65492K, capacity 67656K, committed 67840K, reserved 1107968K
  class space    used 8654K, capacity 9160K, committed 9216K, reserved 1048576K
}
Event: 95.031 GC heap before
{Heap before GC invocations=16 (full 3):
 PSYoungGen      total 356352K, used 352644K [0x00000000e0000000, 0x00000000f7880000, 0x0000000100000000)
  eden space 335360K, 100% used [0x00000000e0000000,0x00000000f4780000,0x00000000f4780000)
  from space 20992K, 82% used [0x00000000f5d80000,0x00000000f6e612a8,0x00000000f7200000)
  to   space 22528K, 0% used [0x00000000f4780000,0x00000000f4780000,0x00000000f5d80000)
 ParOldGen       total 124928K, used 39089K [0x00000000a0000000, 0x00000000a7a00000, 0x00000000e0000000)
  object space 124928K, 31% used [0x00000000a0000000,0x00000000a262c5c0,0x00000000a7a00000)
 Metaspace       used 67548K, capacity 69996K, committed 70144K, reserved 1110016K
  class space    used 8866K, capacity 9428K, committed 9472K, reserved 1048576K
Event: 95.199 GC heap after
Heap after GC invocations=16 (full 3):
 PSYoungGen      total 357888K, used 13266K [0x00000000e0000000, 0x00000000fca00000, 0x0000000100000000)
  eden space 335360K, 0% used [0x00000000e0000000,0x00000000e0000000,0x00000000f4780000)
  from space 22528K, 58% used [0x00000000f4780000,0x00000000f54749e8,0x00000000f5d80000)
  to   space 22016K, 0% used [0x00000000fb480000,0x00000000fb480000,0x00000000fca00000)
 ParOldGen       total 124928K, used 47586K [0x00000000a0000000, 0x00000000a7a00000, 0x00000000e0000000)
  object space 124928K, 38% used [0x00000000a0000000,0x00000000a2e78940,0x00000000a7a00000)
 Metaspace       used 67548K, capacity 69996K, committed 70144K, reserved 1110016K
  class space    used 8866K, capacity 9428K, committed 9472K, reserved 1048576K
}
Event: 105.039 GC heap before
{Heap before GC invocations=17 (full 3):
 PSYoungGen      total 357888K, used 348626K [0x00000000e0000000, 0x00000000fca00000, 0x0000000100000000)
  eden space 335360K, 100% used [0x00000000e0000000,0x00000000f4780000,0x00000000f4780000)
  from space 22528K, 58% used [0x00000000f4780000,0x00000000f54749e8,0x00000000f5d80000)
  to   space 22016K, 0% used [0x00000000fb480000,0x00000000fb480000,0x00000000fca00000)
 ParOldGen       total 124928K, used 47586K [0x00000000a0000000, 0x00000000a7a00000, 0x00000000e0000000)
  object space 124928K, 38% used [0x00000000a0000000,0x00000000a2e78940,0x00000000a7a00000)
 Metaspace       used 75737K, capacity 78776K, committed 78848K, reserved 1118208K
  class space    used 9836K, capacity 10490K, committed 10496K, reserved 1048576K
Event: 105.152 GC heap after
Heap after GC invocations=17 (full 3):
 PSYoungGen      total 438272K, used 20249K [0x00000000e0000000, 0x00000000fc880000, 0x0000000100000000)
  eden space 417792K, 0% used [0x00000000e0000000,0x00000000e0000000,0x00000000f9800000)
  from space 20480K, 98% used [0x00000000fb480000,0x00000000fc846498,0x00000000fc880000)
  to   space 24576K, 0% used [0x00000000f9880000,0x00000000f9880000,0x00000000fb080000)
 ParOldGen       total 124928K, used 47594K [0x00000000a0000000, 0x00000000a7a00000, 0x00000000e0000000)
  object space 124928K, 38% used [0x00000000a0000000,0x00000000a2e7a940,0x00000000a7a00000)
 Metaspace       used 75737K, capacity 78776K, committed 78848K, reserved 1118208K
  class space    used 9836K, capacity 10490K, committed 10496K, reserved 1048576K
}
Event: 108.975 GC heap before
{Heap before GC invocations=18 (full 3):
 PSYoungGen      total 438272K, used 438041K [0x00000000e0000000, 0x00000000fc880000, 0x0000000100000000)
  eden space 417792K, 100% used [0x00000000e0000000,0x00000000f9800000,0x00000000f9800000)
  from space 20480K, 98% used [0x00000000fb480000,0x00000000fc846498,0x00000000fc880000)
  to   space 24576K, 0% used [0x00000000f9880000,0x00000000f9880000,0x00000000fb080000)
 ParOldGen       total 124928K, used 47594K [0x00000000a0000000, 0x00000000a7a00000, 0x00000000e0000000)
  object space 124928K, 38% used [0x00000000a0000000,0x00000000a2e7a940,0x00000000a7a00000)
 Metaspace       used 75964K, capacity 79026K, committed 79232K, reserved 1118208K
  class space    used 9859K, capacity 10523K, committed 10624K, reserved 1048576K
Event: 109.102 GC heap after
Heap after GC invocations=18 (full 3):
 PSYoungGen      total 442880K, used 16096K [0x00000000e0000000, 0x0000000100000000, 0x0000000100000000)
  eden space 418304K, 0% used [0x00000000e0000000,0x00000000e0000000,0x00000000f9880000)
  from space 24576K, 65% used [0x00000000f9880000,0x00000000fa838190,0x00000000fb080000)
  to   space 24576K, 0% used [0x00000000fe800000,0x00000000fe800000,0x0000000100000000)
 ParOldGen       total 124928K, used 47602K [0x00000000a0000000, 0x00000000a7a00000, 0x00000000e0000000)
  object space 124928K, 38% used [0x00000000a0000000,0x00000000a2e7c940,0x00000000a7a00000)
 Metaspace       used 75964K, capacity 79026K, committed 79232K, reserved 1118208K
  class space    used 9859K, capacity 10523K, committed 10624K, reserved 1048576K
}

Deoptimization events (10 events):
Event: 107.894 Thread 0x000000005b7aa800 Uncommon trap: reason=unstable_if action=reinterpret pc=0x0000000004e76150 method=com.android.tools.r8.ir.optimize.CodeRewriter.shouldBeLitInstruction(Lcom/android/tools/r8/ir/code/Instruction;)Z @ 27
Event: 107.962 Thread 0x000000005b7aa800 Uncommon trap: reason=class_check action=maybe_recompile pc=0x00000000052fab78 method=com.android.tools.r8.ir.optimize.CodeRewriter.rewriteMoveResult(Lcom/android/tools/r8/ir/code/IRCode;)V @ 130
Event: 108.253 Thread 0x000000005b7a7800 Uncommon trap: reason=unstable_if action=reinterpret pc=0x0000000004bb00e4 method=com.android.tools.r8.org.objectweb.asm.ClassReader.readUTF(II[C)Ljava/lang/String; @ 77
Event: 108.458 Thread 0x000000005b8f8000 Uncommon trap: reason=class_check action=maybe_recompile pc=0x00000000052fab78 method=com.android.tools.r8.ir.optimize.CodeRewriter.rewriteMoveResult(Lcom/android/tools/r8/ir/code/IRCode;)V @ 130
Event: 109.508 Thread 0x000000005b8f8000 Uncommon trap: reason=unstable_if action=reinterpret pc=0x0000000004c52f00 method=com.android.tools.r8.it.unimi.dsi.fastutil.ints.Int2ReferenceOpenHashMap$MapEntrySet.contains(Ljava/lang/Object;)Z @ 92
Event: 110.426 Thread 0x000000005b7a9000 Uncommon trap: reason=unstable_if action=reinterpret pc=0x000000000533c168 method=java.util.concurrent.ConcurrentHashMap.computeIfAbsent(Ljava/lang/Object;Ljava/util/function/Function;)Ljava/lang/Object; @ 281
Event: 110.427 Thread 0x000000005b7a9000 Uncommon trap: reason=unstable_if action=reinterpret pc=0x000000000508bb38 method=com.android.tools.r8.graph.DexString.countBytes(Ljava/lang/String;)I @ 19
Event: 110.432 Thread 0x000000005b7a9000 Uncommon trap: reason=unstable_if action=reinterpret pc=0x0000000004c8c2b0 method=com.android.tools.r8.graph.DexString.decode()Ljava/lang/String; @ 53
Event: 110.444 Thread 0x000000005b7a9000 Uncommon trap: reason=unstable_if action=reinterpret pc=0x0000000005270c90 method=com.android.tools.r8.graph.DexString.slowCompareTo(Lcom/android/tools/r8/graph/DexString;)I @ 54
Event: 110.634 Thread 0x000000005b7a7800 Uncommon trap: reason=class_check action=maybe_recompile pc=0x00000000052fab78 method=com.android.tools.r8.ir.optimize.CodeRewriter.rewriteMoveResult(Lcom/android/tools/r8/ir/code/IRCode;)V @ 130

Classes redefined (0 events):
No events

Internal exceptions (10 events):
Event: 108.114 Thread 0x000000005c3f9000 Exception <a 'sun/nio/fs/WindowsException'> (0x00000000f2d41f00) thrown at [D:\src\AOSP-openjdk-cygwin\jdk8u\hotspot\src\share\vm\prims\jni.cpp, line 709]
Event: 108.198 Thread 0x000000005c3f9000 Exception <a 'sun/nio/fs/WindowsException'> (0x00000000f2d76400) thrown at [D:\src\AOSP-openjdk-cygwin\jdk8u\hotspot\src\share\vm\prims\jni.cpp, line 709]
Event: 108.435 Thread 0x000000005c3f9000 Exception <a 'sun/nio/fs/WindowsException'> (0x00000000f36cafc8) thrown at [D:\src\AOSP-openjdk-cygwin\jdk8u\hotspot\src\share\vm\prims\jni.cpp, line 709]
Event: 108.820 Thread 0x000000005c3f9000 Exception <a 'sun/nio/fs/WindowsException'> (0x00000000f3700228) thrown at [D:\src\AOSP-openjdk-cygwin\jdk8u\hotspot\src\share\vm\prims\jni.cpp, line 709]
Event: 109.152 Thread 0x000000005c3f9000 Exception <a 'sun/nio/fs/WindowsException'> (0x00000000e05234a0) thrown at [D:\src\AOSP-openjdk-cygwin\jdk8u\hotspot\src\share\vm\prims\jni.cpp, line 709]
Event: 109.478 Thread 0x000000005c3f9000 Exception <a 'sun/nio/fs/WindowsException'> (0x00000000e0556ab0) thrown at [D:\src\AOSP-openjdk-cygwin\jdk8u\hotspot\src\share\vm\prims\jni.cpp, line 709]
Event: 109.779 Thread 0x000000005c3f9000 Exception <a 'sun/nio/fs/WindowsException'> (0x00000000e4e795c0) thrown at [D:\src\AOSP-openjdk-cygwin\jdk8u\hotspot\src\share\vm\prims\jni.cpp, line 709]
Event: 110.038 Thread 0x000000005c3f9000 Exception <a 'sun/nio/fs/WindowsException'> (0x00000000e639e2b0) thrown at [D:\src\AOSP-openjdk-cygwin\jdk8u\hotspot\src\share\vm\prims\jni.cpp, line 709]
Event: 110.305 Thread 0x000000005c3f9000 Exception <a 'sun/nio/fs/WindowsException'> (0x00000000e63d9ed0) thrown at [D:\src\AOSP-openjdk-cygwin\jdk8u\hotspot\src\share\vm\prims\jni.cpp, line 709]
Event: 110.604 Thread 0x000000005c3f9000 Exception <a 'sun/nio/fs/WindowsException'> (0x00000000ec024530) thrown at [D:\src\AOSP-openjdk-cygwin\jdk8u\hotspot\src\share\vm\prims\jni.cpp, line 709]

Events (10 events):
Event: 111.415 Thread 0x000000005b7a8800 Thread added: 0x000000005b7a8800
Event: 111.419 Thread 0x000000005b7a7000 Thread added: 0x000000005b7a7000
Event: 111.421 Thread 0x000000005b8fa000 Thread exited: 0x000000005b8fa000
Event: 111.421 Thread 0x000000005b7aa000 Thread exited: 0x000000005b7aa000
Event: 111.421 Executing VM operation: RevokeBias
Event: 111.437 Executing VM operation: RevokeBias done
Event: 111.462 Executing VM operation: RevokeBias
Event: 111.463 Executing VM operation: RevokeBias done
Event: 111.478 Thread 0x000000005b8f6800 DEOPT PACKING pc=0x0000000004c9f8d1 sp=0x000000005abde3a0
Event: 111.478 Thread 0x000000005b8f6800 DEOPT UNPACKING pc=0x00000000028d71d0 sp=0x000000005abde0a0 mode 0


Dynamic libraries:
0x000000013fbd0000 - 0x000000013fc01000 	C:\Program Files\AndroidStudio\jre\bin\java.exe
0x0000000077470000 - 0x0000000077619000 	C:\Windows\SYSTEM32\ntdll.dll
0x0000000077350000 - 0x000000007746f000 	C:\Windows\system32\kernel32.dll
0x000007fefd240000 - 0x000007fefd2ab000 	C:\Windows\system32\KERNELBASE.dll
0x000007fefda40000 - 0x000007fefdb1b000 	C:\Windows\system32\ADVAPI32.dll
0x000007fefdb90000 - 0x000007fefdc2f000 	C:\Windows\system32\msvcrt.dll
0x000007fefd840000 - 0x000007fefd85f000 	C:\Windows\SYSTEM32\sechost.dll
0x000007fefdc30000 - 0x000007fefdd5d000 	C:\Windows\system32\RPCRT4.dll
0x0000000077250000 - 0x000000007734a000 	C:\Windows\system32\USER32.dll
0x000007fefdb20000 - 0x000007fefdb87000 	C:\Windows\system32\GDI32.dll
0x000007fefeb40000 - 0x000007fefeb4e000 	C:\Windows\system32\LPK.dll
0x000007fefeb50000 - 0x000007fefec19000 	C:\Windows\system32\USP10.dll
0x000007fefb4d0000 - 0x000007fefb6c4000 	C:\Windows\WinSxS\amd64_microsoft.windows.common-controls_6595b64144ccf1df_6.0.7601.17514_none_fa396087175ac9ac\COMCTL32.dll
0x000007feff1a0000 - 0x000007feff211000 	C:\Windows\system32\SHLWAPI.dll
0x000007fefec20000 - 0x000007fefec4e000 	C:\Windows\system32\IMM32.DLL
0x000007fefee60000 - 0x000007fefef69000 	C:\Windows\system32\MSCTF.dll
0x000007fefcff0000 - 0x000007fefd020000 	c:\PROGRA~1\BULLGU~1\BULLGU~1\BgAgent.dll
0x0000000069a00000 - 0x0000000069ad2000 	C:\Program Files\AndroidStudio\jre\jre\bin\msvcr100.dll
0x000000005ee50000 - 0x000000005f68f000 	C:\Program Files\AndroidStudio\jre\jre\bin\server\jvm.dll
0x000007fef6650000 - 0x000007fef6659000 	C:\Windows\system32\WSOCK32.dll
0x000007fefeaf0000 - 0x000007fefeb3d000 	C:\Windows\system32\WS2_32.dll
0x000007feff570000 - 0x000007feff578000 	C:\Windows\system32\NSI.dll
0x000007fef99b0000 - 0x000007fef99eb000 	C:\Windows\system32\WINMM.dll
0x000007fefc5f0000 - 0x000007fefc5fc000 	C:\Windows\system32\VERSION.dll
0x0000000077630000 - 0x0000000077637000 	C:\Windows\system32\PSAPI.DLL
0x000007fefbd60000 - 0x000007fefbd6f000 	C:\Program Files\AndroidStudio\jre\jre\bin\verify.dll
0x000007fef1760000 - 0x000007fef1789000 	C:\Program Files\AndroidStudio\jre\jre\bin\java.dll
0x000007fefbd40000 - 0x000007fefbd56000 	C:\Program Files\AndroidStudio\jre\jre\bin\zip.dll
0x000007fefdd60000 - 0x000007fefeae8000 	C:\Windows\system32\SHELL32.dll
0x000007fefec50000 - 0x000007fefee53000 	C:\Windows\system32\ole32.dll
0x000007fefd220000 - 0x000007fefd22f000 	C:\Windows\system32\profapi.dll
0x000007fef4f10000 - 0x000007fef4f2a000 	C:\Program Files\AndroidStudio\jre\jre\bin\net.dll
0x000007fefc990000 - 0x000007fefc9e5000 	C:\Windows\system32\mswsock.dll
0x000007fefc960000 - 0x000007fefc967000 	C:\Windows\System32\wship6.dll
0x000007fef1640000 - 0x000007fef1651000 	C:\Program Files\AndroidStudio\jre\jre\bin\nio.dll
0x000007fef4ed0000 - 0x000007fef4eee000 	C:\Users\Martin\.gradle\native\25\windows-amd64\native-platform.dll
0x000007fef4e50000 - 0x000007fef4e5d000 	C:\Program Files\AndroidStudio\jre\jre\bin\management.dll
0x000007fefcbe0000 - 0x000007fefcbf7000 	C:\Windows\system32\CRYPTSP.dll
0x000007fefc6a0000 - 0x000007fefc6e7000 	C:\Windows\system32\rsaenh.dll
0x000007fefd560000 - 0x000007fefd57e000 	C:\Windows\system32\USERENV.dll
0x000007fefd0c0000 - 0x000007fefd0cf000 	C:\Windows\system32\CRYPTBASE.dll
0x000007fefa850000 - 0x000007fefa877000 	C:\Windows\system32\IPHLPAPI.DLL
0x000007fefa840000 - 0x000007fefa84b000 	C:\Windows\system32\WINNSI.DLL
0x000007fef9d50000 - 0x000007fef9d61000 	C:\Windows\system32\dhcpcsvc6.DLL
0x000007fef9d70000 - 0x000007fef9d88000 	C:\Windows\system32\dhcpcsvc.DLL
0x000007fefd020000 - 0x000007fefd077000 	C:\Windows\system32\apphelp.dll
0x000007fef7ac0000 - 0x000007fef7be5000 	C:\Windows\system32\dbghelp.dll

VM Arguments:
jvm_args: -Xmx1536m -Dfile.encoding=windows-1252 -Duser.country=AR -Duser.language=es -Duser.variant 
java_command: org.gradle.launcher.daemon.bootstrap.GradleDaemon 4.4
java_class_path (initial): C:\Users\Martin\.gradle\wrapper\dists\gradle-4.4-all\9br9xq1tocpiv8o6njlyu5op1\gradle-4.4\lib\gradle-launcher-4.4.jar
Launcher Type: SUN_STANDARD

Environment Variables:
JAVA_HOME=C:\Program Files\Java\jdk1.8.0_161
PATH=C:\Program Files (x86)\Common Files\Oracle\Java\javapath;C:\ProgramData\Oracle\Java\javapath;C:\Windows\system32;C:\Windows;C:\Windows\System32\Wbem;C:\Windows\System32\WindowsPowerShell\v1.0\;C:\Program Files (x86)\AMD\ATI.ACE\Core-Static;C:\Program Files (x86)\apache-maven-3.5.2\bin;C:\Program Files\MongoDB\Server\4.0\bin;C:\Program Files (x86)\NVIDIA Corporation\PhysX\Common;;C:\Program Files\Docker Toolbox
USERNAME=Martin
OS=Windows_NT
PROCESSOR_IDENTIFIER=Intel64 Family 6 Model 15 Stepping 11, GenuineIntel



---------------  S Y S T E M  ---------------

OS: Windows 7 , 64 bit Build 7601 (6.1.7601.18015)

CPU:total 4 (initial active 4) (4 cores per cpu, 1 threads per core) family 6 model 15 stepping 11, cmov, cx8, fxsr, mmx, sse, sse2, sse3, ssse3, tsc

Memory: 4k page, physical 8387128k(2615428k free), swap 16772392k(9661576k free)

vm_info: OpenJDK 64-Bit Server VM (25.152-b02) for windows-amd64 JRE (1.8.0_152-release-1024-b02), built by "builder" with MS VC++ 10.0 (VS2010)

time: Fri Nov 02 22:25:02 2018
elapsed time: 111 seconds (0d 0h 1m 51s)

